{"level":"info","message":"🚀 Starting observation data import...\n","service":"import-observations","timestamp":"2026-04-15T07:33:58.995Z"}
{"level":"info","message":"✅ Found file: C:\\xampp\\htdocs\\proofpoint-update\\observations.json\n","service":"import-observations","timestamp":"2026-04-15T07:33:58.997Z"}
{"level":"info","message":"📋 Will import 82 observations\n","service":"import-observations","timestamp":"2026-04-15T07:33:58.998Z"}
{"email":"admin@millennia21.id","fullName":"System Administrator","level":"info","message":"✅ Created user:","role":"admin","service":"import-observations","timestamp":"2026-04-15T07:33:59.232Z"}
{"email":"obstest.1776238439235@millennia21.id","fullName":"Observer Test","level":"info","message":"✅ Created user:","role":"staff","service":"import-observations","timestamp":"2026-04-15T07:33:59.237Z"}
{"level":"info","message":"✅ Created rubric:","name":"CHECKLIST FOR DIRECT INSTRUCTION","service":"import-observations","timestamp":"2026-04-15T07:33:59.243Z"}
{"level":"info","message":"✅ Created observation with answers:","observationId":"1","service":"import-observations","staff":"obstest.1776238439235@millennia21.id","status":"acknowledged","timestamp":"2026-04-15T07:33:59.250Z"}
{"email":"obstest.1776238439251@millennia21.id","fullName":"Observee Tester","level":"info","message":"✅ Created user:","role":"staff","service":"import-observations","timestamp":"2026-04-15T07:33:59.254Z"}
{"level":"info","message":"✅ Created observation with answers:","observationId":"2","service":"import-observations","staff":"obstest.1776238439251@millennia21.id","status":"acknowledged","timestamp":"2026-04-15T07:33:59.256Z"}
{"email":"obsertvertest.1776238439257@millennia21.id","fullName":"Observer Test","level":"info","message":"✅ Created user:","role":"staff","service":"import-observations","timestamp":"2026-04-15T07:33:59.260Z"}
{"level":"info","message":"✅ Created rubric:","name":"Special Education Teacher Supervision Instrument","service":"import-observations","timestamp":"2026-04-15T07:33:59.263Z"}
{"level":"info","message":"✅ Created observation with answers:","observationId":"3","service":"import-observations","staff":"obsertvertest.1776238439257@millennia21.id","status":"acknowledged","timestamp":"2026-04-15T07:33:59.266Z"}
{"email":"14.23.736.1776238439267@millennia21.id","fullName":"Rizki Nurul Hayati","level":"info","message":"✅ Created user:","role":"staff","service":"import-observations","timestamp":"2026-04-15T07:33:59.270Z"}
{"level":"info","message":"✅ Created rubric:","name":"DETAILED CLASSROOM OBSERVATION","service":"import-observations","timestamp":"2026-04-15T07:33:59.273Z"}
{"level":"info","message":"✅ Created observation with answers:","observationId":"4","service":"import-observations","staff":"14.23.736.1776238439267@millennia21.id","status":"pending","timestamp":"2026-04-15T07:33:59.276Z"}
{"email":"12.02.062.1776238439276@millennia21.id","fullName":"Abu Bakar Ali, S.Sos I","level":"info","message":"✅ Created user:","role":"staff","service":"import-observations","timestamp":"2026-04-15T07:33:59.279Z"}
{"level":"info","message":"✅ Created observation with answers:","observationId":"5","service":"import-observations","staff":"12.02.062.1776238439276@millennia21.id","status":"pending","timestamp":"2026-04-15T07:33:59.281Z"}
{"email":"14.24.769.1776238439282@millennia21.id","fullName":"Tria Fadilla","level":"info","message":"✅ Created user:","role":"staff","service":"import-observations","timestamp":"2026-04-15T07:33:59.284Z"}
{"level":"info","message":"✅ Created observation with answers:","observationId":"6","service":"import-observations","staff":"14.24.769.1776238439282@millennia21.id","status":"acknowledged","timestamp":"2026-04-15T07:33:59.286Z"}
{"email":"14.25.828.1776238439287@millennia21.id","fullName":"Berliana Gustina Siregar","level":"info","message":"✅ Created user:","role":"staff","service":"import-observations","timestamp":"2026-04-15T07:33:59.290Z"}
{"level":"info","message":"✅ Created observation with answers:","observationId":"7","service":"import-observations","staff":"14.25.828.1776238439287@millennia21.id","status":"acknowledged","timestamp":"2026-04-15T07:33:59.292Z"}
{"email":"-----.1776238439293@millennia21.id","fullName":"Novia Syifaputri Ramadhan","level":"info","message":"✅ Created user:","role":"staff","service":"import-observations","timestamp":"2026-04-15T07:33:59.296Z"}
{"level":"info","message":"✅ Created observation with answers:","observationId":"8","service":"import-observations","staff":"-----.1776238439293@millennia21.id","status":"acknowledged","timestamp":"2026-04-15T07:33:59.297Z"}
{"email":"14.24.765.1776238439298@millennia21.id","fullName":"Bela Kartika Sari","level":"info","message":"✅ Created user:","role":"staff","service":"import-observations","timestamp":"2026-04-15T07:33:59.300Z"}
{"level":"info","message":"✅ Created observation with answers:","observationId":"9","service":"import-observations","staff":"14.24.765.1776238439298@millennia21.id","status":"pending","timestamp":"2026-04-15T07:33:59.302Z"}
{"email":"14.25.844.1776238439303@millennia21.id","fullName":"Raisa Ramadhani","level":"info","message":"✅ Created user:","role":"staff","service":"import-observations","timestamp":"2026-04-15T07:33:59.306Z"}
{"level":"info","message":"✅ Created observation with answers:","observationId":"10","service":"import-observations","staff":"14.25.844.1776238439303@millennia21.id","status":"pending","timestamp":"2026-04-15T07:33:59.308Z"}
{"email":"14.24.774.1776238439310@millennia21.id","fullName":"Risma Ayu Angelita","level":"info","message":"✅ Created user:","role":"staff","service":"import-observations","timestamp":"2026-04-15T07:33:59.312Z"}
{"level":"info","message":"✅ Created observation with answers:","observationId":"11","service":"import-observations","staff":"14.24.774.1776238439310@millennia21.id","status":"acknowledged","timestamp":"2026-04-15T07:33:59.314Z"}
{"email":"14.23.709.1776238439315@millennia21.id","fullName":"Zolla Firmalia Rossa, S.Pd.","level":"info","message":"✅ Created user:","role":"staff","service":"import-observations","timestamp":"2026-04-15T07:33:59.317Z"}
{"level":"info","message":"✅ Created observation with answers:","observationId":"12","service":"import-observations","staff":"14.23.709.1776238439315@millennia21.id","status":"pending","timestamp":"2026-04-15T07:33:59.319Z"}
{"email":"14.25.837.1776238439320@millennia21.id","fullName":"Hadi","level":"info","message":"✅ Created user:","role":"staff","service":"import-observations","timestamp":"2026-04-15T07:33:59.323Z"}
{"level":"info","message":"✅ Created observation with answers:","observationId":"13","service":"import-observations","staff":"14.25.837.1776238439320@millennia21.id","status":"pending","timestamp":"2026-04-15T07:33:59.325Z"}
{"email":"14.24.809.1776238439328@millennia21.id","fullName":"Rifqi Satria Permana, S.Pd","level":"info","message":"✅ Created user:","role":"staff","service":"import-observations","timestamp":"2026-04-15T07:33:59.330Z"}
{"level":"info","message":"✅ Created observation with answers:","observationId":"14","service":"import-observations","staff":"14.24.809.1776238439328@millennia21.id","status":"acknowledged","timestamp":"2026-04-15T07:33:59.332Z"}
{"email":"14.24.816.1776238439333@millennia21.id","fullName":"Nadia","level":"info","message":"✅ Created user:","role":"staff","service":"import-observations","timestamp":"2026-04-15T07:33:59.335Z"}
{"level":"info","message":"✅ Created observation with answers:","observationId":"15","service":"import-observations","staff":"14.24.816.1776238439333@millennia21.id","status":"acknowledged","timestamp":"2026-04-15T07:33:59.336Z"}
{"email":"14.24.775.1776238439337@millennia21.id","fullName":"Tri Ayu Lestari","level":"info","message":"✅ Created user:","role":"staff","service":"import-observations","timestamp":"2026-04-15T07:33:59.340Z"}
{"level":"info","message":"✅ Created observation with answers:","observationId":"16","service":"import-observations","staff":"14.24.775.1776238439337@millennia21.id","status":"pending","timestamp":"2026-04-15T07:33:59.342Z"}
{"email":"14.24.799.1776238439344@millennia21.id","fullName":"Vicki Aprinando","level":"info","message":"✅ Created user:","role":"staff","service":"import-observations","timestamp":"2026-04-15T07:33:59.347Z"}
{"level":"info","message":"✅ Created observation with answers:","observationId":"17","service":"import-observations","staff":"14.24.799.1776238439344@millennia21.id","status":"pending","timestamp":"2026-04-15T07:33:59.349Z"}
{"email":"---.1776238439350@millennia21.id","fullName":"Robby Noer Abjuny","level":"info","message":"✅ Created user:","role":"staff","service":"import-observations","timestamp":"2026-04-15T07:33:59.352Z"}
{"level":"info","message":"✅ Created observation with answers:","observationId":"18","service":"import-observations","staff":"---.1776238439350@millennia21.id","status":"pending","timestamp":"2026-04-15T07:33:59.354Z"}
{"email":"14.25.840.1776238439356@millennia21.id","fullName":"Himawan Rizky Syaputra","level":"info","message":"✅ Created user:","role":"staff","service":"import-observations","timestamp":"2026-04-15T07:33:59.359Z"}
{"level":"info","message":"✅ Created observation with answers:","observationId":"19","service":"import-observations","staff":"14.25.840.1776238439356@millennia21.id","status":"pending","timestamp":"2026-04-15T07:33:59.361Z"}
{"email":"14.25.840.1776238439362@millennia21.id","fullName":"Himawan Rizky Syaputra","level":"info","message":"✅ Created user:","role":"staff","service":"import-observations","timestamp":"2026-04-15T07:33:59.365Z"}
{"level":"info","message":"✅ Created observation with answers:","observationId":"20","service":"import-observations","staff":"14.25.840.1776238439362@millennia21.id","status":"pending","timestamp":"2026-04-15T07:33:59.367Z"}
{"email":"14.24.753.1776238439368@millennia21.id","fullName":"Yosafat Imanuel Parlindungan, S.Sn","level":"info","message":"✅ Created user:","role":"staff","service":"import-observations","timestamp":"2026-04-15T07:33:59.370Z"}
{"level":"info","message":"✅ Created observation with answers:","observationId":"21","service":"import-observations","staff":"14.24.753.1776238439368@millennia21.id","status":"acknowledged","timestamp":"2026-04-15T07:33:59.373Z"}
{"email":"14.23.736.1776238439374@millennia21.id","fullName":"Rizki Nurul Hayati","level":"info","message":"✅ Created user:","role":"staff","service":"import-observations","timestamp":"2026-04-15T07:33:59.376Z"}
{"level":"info","message":"✅ Created rubric:","name":"CHECKLIST FOR LEARNING AND UNDERSTANDING","service":"import-observations","timestamp":"2026-04-15T07:33:59.379Z"}
{"level":"info","message":"✅ Created observation with answers:","observationId":"22","service":"import-observations","staff":"14.23.736.1776238439374@millennia21.id","status":"pending","timestamp":"2026-04-15T07:33:59.381Z"}
{"email":"14.23.736.1776238439382@millennia21.id","fullName":"Rizki Nurul Hayati","level":"info","message":"✅ Created user:","role":"staff","service":"import-observations","timestamp":"2026-04-15T07:33:59.384Z"}
{"level":"info","message":"✅ Created rubric:","name":"FOCUS ON LEARNERS – STUDENT ENGAGEMENT","service":"import-observations","timestamp":"2026-04-15T07:33:59.387Z"}
{"level":"info","message":"✅ Created observation with answers:","observationId":"27","service":"import-observations","staff":"14.23.736.1776238439382@millennia21.id","status":"pending","timestamp":"2026-04-15T07:33:59.389Z"}
{"email":"14.23.736.1776238439390@millennia21.id","fullName":"Rizki Nurul Hayati","level":"info","message":"✅ Created user:","role":"staff","service":"import-observations","timestamp":"2026-04-15T07:33:59.393Z"}
{"level":"info","message":"✅ Created observation with answers:","observationId":"28","service":"import-observations","staff":"14.23.736.1776238439390@millennia21.id","status":"pending","timestamp":"2026-04-15T07:33:59.395Z"}
{"email":"14.23.736.1776238439396@millennia21.id","fullName":"Rizki Nurul Hayati","level":"info","message":"✅ Created user:","role":"staff","service":"import-observations","timestamp":"2026-04-15T07:33:59.398Z"}
{"level":"info","message":"✅ Created rubric:","name":"CHECKLIST FOR DIFFERENTIATION","service":"import-observations","timestamp":"2026-04-15T07:33:59.401Z"}
{"level":"info","message":"✅ Created observation with answers:","observationId":"31","service":"import-observations","staff":"14.23.736.1776238439396@millennia21.id","status":"pending","timestamp":"2026-04-15T07:33:59.407Z"}
{"email":"14.23.736.1776238439408@millennia21.id","fullName":"Rizki Nurul Hayati","level":"info","message":"✅ Created user:","role":"staff","service":"import-observations","timestamp":"2026-04-15T07:33:59.411Z"}
{"level":"info","message":"✅ Created rubric:","name":"FOCUS ON LEARNERS – SMALL GROUP OR IN PAIRING","service":"import-observations","timestamp":"2026-04-15T07:33:59.414Z"}
{"level":"info","message":"✅ Created observation with answers:","observationId":"32","service":"import-observations","staff":"14.23.736.1776238439408@millennia21.id","status":"pending","timestamp":"2026-04-15T07:33:59.416Z"}
{"email":"12.02.062.1776238439417@millennia21.id","fullName":"Abu Bakar Ali, S.Sos I","level":"info","message":"✅ Created user:","role":"staff","service":"import-observations","timestamp":"2026-04-15T07:33:59.419Z"}
{"level":"info","message":"✅ Created rubric:","name":"CLASSROOM DISPLAY CHECKLIST","service":"import-observations","timestamp":"2026-04-15T07:33:59.422Z"}
{"level":"info","message":"✅ Created observation with answers:","observationId":"33","service":"import-observations","staff":"12.02.062.1776238439417@millennia21.id","status":"pending","timestamp":"2026-04-15T07:33:59.424Z"}
{"email":"14.23.736.1776238439425@millennia21.id","fullName":"Rizki Nurul Hayati","level":"info","message":"✅ Created user:","role":"staff","service":"import-observations","timestamp":"2026-04-15T07:33:59.428Z"}
{"level":"info","message":"✅ Created observation with answers:","observationId":"34","service":"import-observations","staff":"14.23.736.1776238439425@millennia21.id","status":"pending","timestamp":"2026-04-15T07:33:59.430Z"}
{"email":"14.23.709.1776238439431@millennia21.id","fullName":"Zolla Firmalia Rossa, S.Pd.","level":"info","message":"✅ Created user:","role":"staff","service":"import-observations","timestamp":"2026-04-15T07:33:59.434Z"}
{"level":"info","message":"✅ Created observation with answers:","observationId":"35","service":"import-observations","staff":"14.23.709.1776238439431@millennia21.id","status":"pending","timestamp":"2026-04-15T07:33:59.436Z"}
{"email":"14.21.652.1776238439437@millennia21.id","fullName":"Almia Ester Kristiyany Sinabang, S.Pd","level":"info","message":"✅ Created user:","role":"staff","service":"import-observations","timestamp":"2026-04-15T07:33:59.440Z"}
{"level":"info","message":"✅ Created rubric:","name":"Test Observation","service":"import-observations","timestamp":"2026-04-15T07:33:59.444Z"}
{"level":"info","message":"✅ Created observation with answers:","observationId":"36","service":"import-observations","staff":"14.21.652.1776238439437@millennia21.id","status":"pending","timestamp":"2026-04-15T07:33:59.446Z"}
{"email":"14.24.746.1776238439447@millennia21.id","fullName":"Alifananda Dhaffa Hanif Musyafa, S.Pd","level":"info","message":"✅ Created user:","role":"staff","service":"import-observations","timestamp":"2026-04-15T07:33:59.449Z"}
{"level":"info","message":"✅ Created observation with answers:","observationId":"37","service":"import-observations","staff":"14.24.746.1776238439447@millennia21.id","status":"pending","timestamp":"2026-04-15T07:33:59.452Z"}
{"email":"14.21.652.1776238439452@millennia21.id","fullName":"Almia Ester Kristiyany Sinabang, S.Pd","level":"info","message":"✅ Created user:","role":"staff","service":"import-observations","timestamp":"2026-04-15T07:33:59.456Z"}
{"level":"info","message":"✅ Created observation with answers:","observationId":"38","service":"import-observations","staff":"14.21.652.1776238439452@millennia21.id","status":"pending","timestamp":"2026-04-15T07:33:59.458Z"}
{"email":"14.23.712.1776238439459@millennia21.id","fullName":"Anggie Ayu Setya Pradini, S.Pd","level":"info","message":"✅ Created user:","role":"staff","service":"import-observations","timestamp":"2026-04-15T07:33:59.462Z"}
{"level":"info","message":"✅ Created observation with answers:","observationId":"39","service":"import-observations","staff":"14.23.712.1776238439459@millennia21.id","status":"pending","timestamp":"2026-04-15T07:33:59.464Z"}
{"email":"14.25.843.1776238439466@millennia21.id","fullName":"Annisa Fitri Tanjung","level":"info","message":"✅ Created user:","role":"staff","service":"import-observations","timestamp":"2026-04-15T07:33:59.469Z"}
{"level":"info","message":"✅ Created observation with answers:","observationId":"40","service":"import-observations","staff":"14.25.843.1776238439466@millennia21.id","status":"acknowledged","timestamp":"2026-04-15T07:33:59.472Z"}
{"email":"14.25.829.1776238439473@millennia21.id","fullName":"Ferlyna Balqis","level":"info","message":"✅ Created user:","role":"staff","service":"import-observations","timestamp":"2026-04-15T07:33:59.475Z"}
{"level":"info","message":"✅ Created observation with answers:","observationId":"41","service":"import-observations","staff":"14.25.829.1776238439473@millennia21.id","status":"pending","timestamp":"2026-04-15T07:33:59.478Z"}
{"email":"14.24.771.1776238439479@millennia21.id","fullName":"Devi Larasati","level":"info","message":"✅ Created user:","role":"staff","service":"import-observations","timestamp":"2026-04-15T07:33:59.481Z"}
{"level":"info","message":"✅ Created observation with answers:","observationId":"42","service":"import-observations","staff":"14.24.771.1776238439479@millennia21.id","status":"pending","timestamp":"2026-04-15T07:33:59.483Z"}
{"email":"14.25.839.1776238439484@millennia21.id","fullName":"Dien Islamy","level":"info","message":"✅ Created user:","role":"staff","service":"import-observations","timestamp":"2026-04-15T07:33:59.486Z"}
{"level":"info","message":"✅ Created observation with answers:","observationId":"43","service":"import-observations","staff":"14.25.839.1776238439484@millennia21.id","status":"pending","timestamp":"2026-04-15T07:33:59.488Z"}
{"email":"14.24.767.1776238439489@millennia21.id","fullName":"Dini Meilani Pramesti","level":"info","message":"✅ Created user:","role":"staff","service":"import-observations","timestamp":"2026-04-15T07:33:59.491Z"}
{"level":"info","message":"✅ Created observation with answers:","observationId":"44","service":"import-observations","staff":"14.24.767.1776238439489@millennia21.id","status":"pending","timestamp":"2026-04-15T07:33:59.493Z"}
{"email":"14.24.764.1776238439494@millennia21.id","fullName":"Fadholi Akbar","level":"info","message":"✅ Created user:","role":"staff","service":"import-observations","timestamp":"2026-04-15T07:33:59.497Z"}
{"level":"info","message":"✅ Created observation with answers:","observationId":"45","service":"import-observations","staff":"14.24.764.1776238439494@millennia21.id","status":"pending","timestamp":"2026-04-15T07:33:59.499Z"}
{"email":"14.25.831.1776238439499@millennia21.id","fullName":"Faqiha Salma Achmada S.Psi.","level":"info","message":"✅ Created user:","role":"staff","service":"import-observations","timestamp":"2026-04-15T07:33:59.501Z"}
{"level":"info","message":"✅ Created observation with answers:","observationId":"46","service":"import-observations","staff":"14.25.831.1776238439499@millennia21.id","status":"pending","timestamp":"2026-04-15T07:33:59.503Z"}
{"email":"-.1776238439504@millennia21.id","fullName":"Galen Rasendriya","level":"info","message":"✅ Created user:","role":"staff","service":"import-observations","timestamp":"2026-04-15T07:33:59.506Z"}
{"level":"info","message":"✅ Created observation with answers:","observationId":"47","service":"import-observations","staff":"-.1776238439504@millennia21.id","status":"acknowledged","timestamp":"2026-04-15T07:33:59.508Z"}
{"email":"14.25.842.1776238439509@millennia21.id","fullName":"Iis Asifah","level":"info","message":"✅ Created user:","role":"staff","service":"import-observations","timestamp":"2026-04-15T07:33:59.512Z"}
{"level":"info","message":"✅ Created observation with answers:","observationId":"48","service":"import-observations","staff":"14.25.842.1776238439509@millennia21.id","status":"acknowledged","timestamp":"2026-04-15T07:33:59.515Z"}
{"email":"14.25.836.1776238439516@millennia21.id","fullName":"Ika Rahayu","level":"info","message":"✅ Created user:","role":"staff","service":"import-observations","timestamp":"2026-04-15T07:33:59.518Z"}
{"level":"info","message":"✅ Created observation with answers:","observationId":"49","service":"import-observations","staff":"14.25.836.1776238439516@millennia21.id","status":"pending","timestamp":"2026-04-15T07:33:59.519Z"}
{"email":"14.24.814.1776238439520@millennia21.id","fullName":"Nazmi Kusumawantari","level":"info","message":"✅ Created user:","role":"staff","service":"import-observations","timestamp":"2026-04-15T07:33:59.523Z"}
{"level":"info","message":"✅ Created observation with answers:","observationId":"50","service":"import-observations","staff":"14.24.814.1776238439520@millennia21.id","status":"pending","timestamp":"2026-04-15T07:33:59.525Z"}
{"email":"14.25.835.1776238439526@millennia21.id","fullName":"Novan Syaiful Rahman","level":"info","message":"✅ Created user:","role":"staff","service":"import-observations","timestamp":"2026-04-15T07:33:59.529Z"}
{"level":"info","message":"✅ Created observation with answers:","observationId":"51","service":"import-observations","staff":"14.25.835.1776238439526@millennia21.id","status":"pending","timestamp":"2026-04-15T07:33:59.531Z"}
{"email":"14.25.834.1776238439532@millennia21.id","fullName":"Prisy Dewanti","level":"info","message":"✅ Created user:","role":"staff","service":"import-observations","timestamp":"2026-04-15T07:33:59.535Z"}
{"level":"info","message":"✅ Created observation with answers:","observationId":"52","service":"import-observations","staff":"14.25.834.1776238439532@millennia21.id","status":"pending","timestamp":"2026-04-15T07:33:59.536Z"}
{"email":"15.24.804.1776238439537@millennia21.id","fullName":"Restia Widiasari","level":"info","message":"✅ Created user:","role":"staff","service":"import-observations","timestamp":"2026-04-15T07:33:59.540Z"}
{"level":"info","message":"✅ Created observation with answers:","observationId":"53","service":"import-observations","staff":"15.24.804.1776238439537@millennia21.id","status":"pending","timestamp":"2026-04-15T07:33:59.542Z"}
{"email":"14.24.768.1776238439544@millennia21.id","fullName":"Reza Rizky Prayudha","level":"info","message":"✅ Created user:","role":"staff","service":"import-observations","timestamp":"2026-04-15T07:33:59.546Z"}
{"level":"info","message":"✅ Created observation with answers:","observationId":"54","service":"import-observations","staff":"14.24.768.1776238439544@millennia21.id","status":"pending","timestamp":"2026-04-15T07:33:59.548Z"}
{"email":"14.24.754.1776238439549@millennia21.id","fullName":"Rike Rahmawati S.Pd","level":"info","message":"✅ Created user:","role":"staff","service":"import-observations","timestamp":"2026-04-15T07:33:59.551Z"}
{"level":"info","message":"✅ Created observation with answers:","observationId":"55","service":"import-observations","staff":"14.24.754.1776238439549@millennia21.id","status":"acknowledged","timestamp":"2026-04-15T07:33:59.553Z"}
{"email":"14.22.673.1776238439554@millennia21.id","fullName":"Romasta Oryza Sativa Siagian, S.Pd","level":"info","message":"✅ Created user:","role":"staff","service":"import-observations","timestamp":"2026-04-15T07:33:59.557Z"}
{"level":"info","message":"✅ Created observation with answers:","observationId":"56","service":"import-observations","staff":"14.22.673.1776238439554@millennia21.id","status":"pending","timestamp":"2026-04-15T07:33:59.560Z"}
{"email":"14.23.732.1776238439561@millennia21.id","fullName":"Tiastiningrum Nugrahanti, S.Pd","level":"info","message":"✅ Created user:","role":"staff","service":"import-observations","timestamp":"2026-04-15T07:33:59.563Z"}
{"level":"info","message":"✅ Created observation with answers:","observationId":"57","service":"import-observations","staff":"14.23.732.1776238439561@millennia21.id","status":"pending","timestamp":"2026-04-15T07:33:59.565Z"}
{"email":"12.02.062.1776238439566@millennia21.id","fullName":"Abu Bakar Ali, S.Sos I","level":"info","message":"✅ Created user:","role":"staff","service":"import-observations","timestamp":"2026-04-15T07:33:59.568Z"}
{"level":"info","message":"✅ Created observation with answers:","observationId":"65","service":"import-observations","staff":"12.02.062.1776238439566@millennia21.id","status":"pending","timestamp":"2026-04-15T07:33:59.570Z"}
{"email":"14.25.840.1776238439571@millennia21.id","fullName":"Himawan Rizky Syaputra","level":"info","message":"✅ Created user:","role":"staff","service":"import-observations","timestamp":"2026-04-15T07:33:59.574Z"}
{"level":"info","message":"✅ Created observation with answers:","observationId":"66","service":"import-observations","staff":"14.25.840.1776238439571@millennia21.id","status":"acknowledged","timestamp":"2026-04-15T07:33:59.577Z"}
{"email":"14.25.866.1776238439578@millennia21.id","fullName":"Najmi Silmi Mafaza","level":"info","message":"✅ Created user:","role":"staff","service":"import-observations","timestamp":"2026-04-15T07:33:59.580Z"}
{"level":"info","message":"✅ Created rubric:","name":"DELIVERY OF INSTRUCTION","service":"import-observations","timestamp":"2026-04-15T07:33:59.582Z"}
{"level":"info","message":"✅ Created observation with answers:","observationId":"71","service":"import-observations","staff":"14.25.866.1776238439578@millennia21.id","status":"pending","timestamp":"2026-04-15T07:33:59.584Z"}
{"email":"14.25.866.1776238439585@millennia21.id","fullName":"Najmi Silmi Mafaza","level":"info","message":"✅ Created user:","role":"staff","service":"import-observations","timestamp":"2026-04-15T07:33:59.587Z"}
{"level":"info","message":"✅ Created observation with answers:","observationId":"72","service":"import-observations","staff":"14.25.866.1776238439585@millennia21.id","status":"pending","timestamp":"2026-04-15T07:33:59.590Z"}
{"email":"14.24.816.1776238439591@millennia21.id","fullName":"Nadia","level":"info","message":"✅ Created user:","role":"staff","service":"import-observations","timestamp":"2026-04-15T07:33:59.594Z"}
{"level":"info","message":"✅ Created observation with answers:","observationId":"73","service":"import-observations","staff":"14.24.816.1776238439591@millennia21.id","status":"acknowledged","timestamp":"2026-04-15T07:33:59.596Z"}
{"email":"14.23.709.1776238439597@millennia21.id","fullName":"Zolla Firmalia Rossa, S.Pd.","level":"info","message":"✅ Created user:","role":"staff","service":"import-observations","timestamp":"2026-04-15T07:33:59.598Z"}
{"level":"info","message":"✅ Created observation with answers:","observationId":"74","service":"import-observations","staff":"14.23.709.1776238439597@millennia21.id","status":"pending","timestamp":"2026-04-15T07:33:59.600Z"}
{"email":"14.24.809.1776238439601@millennia21.id","fullName":"Rifqi Satria Permana, S.Pd","level":"info","message":"✅ Created user:","role":"staff","service":"import-observations","timestamp":"2026-04-15T07:33:59.603Z"}
{"level":"info","message":"✅ Created observation with answers:","observationId":"78","service":"import-observations","staff":"14.24.809.1776238439601@millennia21.id","status":"acknowledged","timestamp":"2026-04-15T07:33:59.605Z"}
{"email":"14.25.840.1776238439606@millennia21.id","fullName":"Himawan Rizky Syaputra","level":"info","message":"✅ Created user:","role":"staff","service":"import-observations","timestamp":"2026-04-15T07:33:59.609Z"}
{"level":"info","message":"✅ Created observation with answers:","observationId":"80","service":"import-observations","staff":"14.25.840.1776238439606@millennia21.id","status":"acknowledged","timestamp":"2026-04-15T07:33:59.611Z"}
{"email":"14.24.816.1776238439612@millennia21.id","fullName":"Nadia","level":"info","message":"✅ Created user:","role":"staff","service":"import-observations","timestamp":"2026-04-15T07:33:59.614Z"}
{"level":"info","message":"✅ Created observation with answers:","observationId":"81","service":"import-observations","staff":"14.24.816.1776238439612@millennia21.id","status":"acknowledged","timestamp":"2026-04-15T07:33:59.615Z"}
{"email":"14.22.671.1776238439616@millennia21.id","fullName":"Maria Rosa Apriliana Jaftoran","level":"info","message":"✅ Created user:","role":"staff","service":"import-observations","timestamp":"2026-04-15T07:33:59.618Z"}
{"level":"info","message":"✅ Created observation with answers:","observationId":"82","service":"import-observations","staff":"14.22.671.1776238439616@millennia21.id","status":"pending","timestamp":"2026-04-15T07:33:59.620Z"}
{"email":"14.24.753.1776238439621@millennia21.id","fullName":"Yosafat Imanuel Parlindungan, S.Sn","level":"info","message":"✅ Created user:","role":"staff","service":"import-observations","timestamp":"2026-04-15T07:33:59.624Z"}
{"level":"info","message":"✅ Created observation with answers:","observationId":"83","service":"import-observations","staff":"14.24.753.1776238439621@millennia21.id","status":"acknowledged","timestamp":"2026-04-15T07:33:59.626Z"}
{"email":"14.24.809.1776238439627@millennia21.id","fullName":"Rifqi Satria Permana, S.Pd","level":"info","message":"✅ Created user:","role":"staff","service":"import-observations","timestamp":"2026-04-15T07:33:59.630Z"}
{"level":"info","message":"✅ Created observation with answers:","observationId":"84","service":"import-observations","staff":"14.24.809.1776238439627@millennia21.id","status":"acknowledged","timestamp":"2026-04-15T07:33:59.632Z"}
{"email":"14.23.709.1776238439632@millennia21.id","fullName":"Zolla Firmalia Rossa, S.Pd.","level":"info","message":"✅ Created user:","role":"staff","service":"import-observations","timestamp":"2026-04-15T07:33:59.635Z"}
{"level":"info","message":"✅ Created observation with answers:","observationId":"85","service":"import-observations","staff":"14.23.709.1776238439632@millennia21.id","status":"pending","timestamp":"2026-04-15T07:33:59.637Z"}
{"email":"14.22.689.1776238439638@millennia21.id","fullName":"Auliya Hasanatin Suwisto, S.IKom","level":"info","message":"✅ Created user:","role":"staff","service":"import-observations","timestamp":"2026-04-15T07:33:59.640Z"}
{"level":"info","message":"✅ Created observation with answers:","observationId":"86","service":"import-observations","staff":"14.22.689.1776238439638@millennia21.id","status":"acknowledged","timestamp":"2026-04-15T07:33:59.643Z"}
{"email":"14.23.711.1776238439644@millennia21.id","fullName":"Pipiet Anggreiny, S.TP","level":"info","message":"✅ Created user:","role":"staff","service":"import-observations","timestamp":"2026-04-15T07:33:59.646Z"}
{"level":"info","message":"✅ Created observation with answers:","observationId":"87","service":"import-observations","staff":"14.23.711.1776238439644@millennia21.id","status":"pending","timestamp":"2026-04-15T07:33:59.648Z"}
{"email":"14.24.773.1776238439648@millennia21.id","fullName":"Devi Agriani, S.Pd.","level":"info","message":"✅ Created user:","role":"staff","service":"import-observations","timestamp":"2026-04-15T07:33:59.651Z"}
{"level":"info","message":"✅ Created observation with answers:","observationId":"88","service":"import-observations","staff":"14.24.773.1776238439648@millennia21.id","status":"pending","timestamp":"2026-04-15T07:33:59.653Z"}
{"email":"66.1776238439654@millennia21.id","fullName":"Nayandra Hasan Sudra","level":"info","message":"✅ Created user:","role":"staff","service":"import-observations","timestamp":"2026-04-15T07:33:59.657Z"}
{"level":"info","message":"✅ Created observation with answers:","observationId":"89","service":"import-observations","staff":"66.1776238439654@millennia21.id","status":"acknowledged","timestamp":"2026-04-15T07:33:59.659Z"}
{"email":"--.1776238439660@millennia21.id","fullName":"Risma Galuh Pitaloka Fahdin","level":"info","message":"✅ Created user:","role":"staff","service":"import-observations","timestamp":"2026-04-15T07:33:59.663Z"}
{"level":"info","message":"✅ Created observation with answers:","observationId":"90","service":"import-observations","staff":"--.1776238439660@millennia21.id","status":"acknowledged","timestamp":"2026-04-15T07:33:59.665Z"}
{"email":"14.21.654.1776238439667@millennia21.id","fullName":"Fransiska Evasari, S.Pd","level":"info","message":"✅ Created user:","role":"staff","service":"import-observations","timestamp":"2026-04-15T07:33:59.670Z"}
{"level":"info","message":"✅ Created observation with answers:","observationId":"91","service":"import-observations","staff":"14.21.654.1776238439667@millennia21.id","status":"pending","timestamp":"2026-04-15T07:33:59.672Z"}
{"email":"14.23.730.1776238439673@millennia21.id","fullName":"Pricilla Cecil Leander, S.Pd","level":"info","message":"✅ Created user:","role":"staff","service":"import-observations","timestamp":"2026-04-15T07:33:59.676Z"}
{"level":"info","message":"✅ Created observation with answers:","observationId":"92","service":"import-observations","staff":"14.23.730.1776238439673@millennia21.id","status":"acknowledged","timestamp":"2026-04-15T07:33:59.679Z"}
{"email":"14.23.721.1776238439680@millennia21.id","fullName":"Nathasya Christine Prabowo, S.Si","level":"info","message":"✅ Created user:","role":"staff","service":"import-observations","timestamp":"2026-04-15T07:33:59.683Z"}
{"level":"info","message":"✅ Created observation with answers:","observationId":"93","service":"import-observations","staff":"14.23.721.1776238439680@millennia21.id","status":"pending","timestamp":"2026-04-15T07:33:59.685Z"}
{"email":"14.22.687.1776238439686@millennia21.id","fullName":"Zavier Cloudya Mashareen, S.Psi","level":"info","message":"✅ Created user:","role":"staff","service":"import-observations","timestamp":"2026-04-15T07:33:59.688Z"}
{"level":"info","message":"✅ Created observation with answers:","observationId":"94","service":"import-observations","staff":"14.22.687.1776238439686@millennia21.id","status":"acknowledged","timestamp":"2026-04-15T07:33:59.690Z"}
{"email":"obsertvertest.1776238439691@millennia21.id","fullName":"Observer Test","level":"info","message":"✅ Created user:","role":"staff","service":"import-observations","timestamp":"2026-04-15T07:33:59.694Z"}
{"level":"info","message":"✅ Created rubric:","name":"Lesson Preparation Walkthrough","service":"import-observations","timestamp":"2026-04-15T07:33:59.697Z"}
{"level":"info","message":"✅ Created observation with answers:","observationId":"95","service":"import-observations","staff":"obsertvertest.1776238439691@millennia21.id","status":"pending","timestamp":"2026-04-15T07:33:59.700Z"}
{"email":"14.25.866.1776238439701@millennia21.id","fullName":"Najmi Silmi Mafaza","level":"info","message":"✅ Created user:","role":"staff","service":"import-observations","timestamp":"2026-04-15T07:33:59.703Z"}
{"level":"info","message":"✅ Created observation with answers:","observationId":"96","service":"import-observations","staff":"14.25.866.1776238439701@millennia21.id","status":"pending","timestamp":"2026-04-15T07:33:59.705Z"}
{"email":"14.24.816.1776238439706@millennia21.id","fullName":"Nadia","level":"info","message":"✅ Created user:","role":"staff","service":"import-observations","timestamp":"2026-04-15T07:33:59.708Z"}
{"level":"info","message":"✅ Created observation with answers:","observationId":"97","service":"import-observations","staff":"14.24.816.1776238439706@millennia21.id","status":"acknowledged","timestamp":"2026-04-15T07:33:59.711Z"}
{"email":"16.24.806.1776238439712@millennia21.id","fullName":"Nurul Widyaningtyas Agustin","level":"info","message":"✅ Created user:","role":"staff","service":"import-observations","timestamp":"2026-04-15T07:33:59.715Z"}
{"level":"info","message":"✅ Created observation with answers:","observationId":"98","service":"import-observations","staff":"16.24.806.1776238439712@millennia21.id","status":"pending","timestamp":"2026-04-15T07:33:59.717Z"}
{"email":"14.24.769.1776238439717@millennia21.id","fullName":"Tria Fadilla","level":"info","message":"✅ Created user:","role":"staff","service":"import-observations","timestamp":"2026-04-15T07:33:59.719Z"}
{"level":"info","message":"✅ Created observation with answers:","observationId":"100","service":"import-observations","staff":"14.24.769.1776238439717@millennia21.id","status":"pending","timestamp":"2026-04-15T07:33:59.721Z"}
{"email":"14.23.713.1776238439722@millennia21.id","fullName":"Krisalyssa Esna Rehulina Tarigan, S.K.Pm","level":"info","message":"✅ Created user:","role":"staff","service":"import-observations","timestamp":"2026-04-15T07:33:59.725Z"}
{"level":"info","message":"✅ Created observation with answers:","observationId":"101","service":"import-observations","staff":"14.23.713.1776238439722@millennia21.id","status":"acknowledged","timestamp":"2026-04-15T07:33:59.727Z"}
{"email":"14.23.719.1776238439730@millennia21.id","fullName":"Gundah Basiswi, S.Pd","level":"info","message":"✅ Created user:","role":"staff","service":"import-observations","timestamp":"2026-04-15T07:33:59.732Z"}
{"level":"info","message":"✅ Created observation with answers:","observationId":"102","service":"import-observations","staff":"14.23.719.1776238439730@millennia21.id","status":"pending","timestamp":"2026-04-15T07:33:59.734Z"}
{"email":"12.02.062.1776238439735@millennia21.id","fullName":"Abu Bakar Ali, S.Sos I","level":"info","message":"✅ Created user:","role":"staff","service":"import-observations","timestamp":"2026-04-15T07:33:59.737Z"}
{"level":"info","message":"✅ Created observation with answers:","observationId":"103","service":"import-observations","staff":"12.02.062.1776238439735@millennia21.id","status":"pending","timestamp":"2026-04-15T07:33:59.739Z"}
{"email":"14.24.816.1776238439740@millennia21.id","fullName":"Nadia","level":"info","message":"✅ Created user:","role":"staff","service":"import-observations","timestamp":"2026-04-15T07:33:59.742Z"}
{"level":"info","message":"✅ Created observation with answers:","observationId":"104","service":"import-observations","staff":"14.24.816.1776238439740@millennia21.id","status":"acknowledged","timestamp":"2026-04-15T07:33:59.745Z"}
{"level":"info","message":"🏁 Import process finished","service":"import-observations","timestamp":"2026-04-15T07:33:59.759Z"}
{"level":"info","message":"🚀 Starting observation data import...\n","service":"import-observations","timestamp":"2026-04-15T07:39:29.299Z"}
{"level":"info","message":"✅ Found file: C:\\xampp\\htdocs\\proofpoint-update\\observations.json\n","service":"import-observations","timestamp":"2026-04-15T07:39:29.302Z"}
{"level":"info","message":"📋 Will import 82 observations\n","service":"import-observations","timestamp":"2026-04-15T07:39:29.302Z"}
{"level":"info","message":"🚀 Starting observation data import...\n","service":"import-observations","timestamp":"2026-04-15T07:46:48.331Z"}
{"level":"info","message":"✅ Found file: C:\\xampp\\htdocs\\proofpoint-update\\observations.json\n","service":"import-observations","timestamp":"2026-04-15T07:46:48.334Z"}
{"level":"info","message":"📋 Will import 82 observations\n","service":"import-observations","timestamp":"2026-04-15T07:46:48.334Z"}
